        -:    0:Source:/home/octav/CLionProjects/LAB9OOP/main.cpp
        -:    0:Graph:/home/octav/CLionProjects/LAB9OOP/cmake-build-debug-coverage/CMakeFiles/LAB9OOP.dir/main.cpp.gcno
        -:    0:Data:/home/octav/CLionProjects/LAB9OOP/cmake-build-debug-coverage/CMakeFiles/LAB9OOP.dir/main.cpp.gcda
        -:    0:Runs:1
        -:    1:#include <iostream>
        -:    2:#include "Tests.h"
        -:    3:using namespace std;
        -:    4:
function main called 1 returned 100% blocks executed 100%
        1:    5:int main() {
        -:    6:    Tests tests;
        1:    7:    tests.testAll();
        1:    7-block  0
call    0 returned 1
branch  1 taken 1 (fallthrough)
branch  2 taken 0 (throw)
        1:    8:    return 0;
        1:    8-block  0
        -:    9:}
