        -:    0:Source:/home/octav/CLionProjects/LAB9OOP/MovieRepository.h
        -:    0:Graph:/home/octav/CLionProjects/LAB9OOP/cmake-build-debug-coverage/CMakeFiles/LAB9OOP.dir/Tests.cpp.gcno
        -:    0:Data:/home/octav/CLionProjects/LAB9OOP/cmake-build-debug-coverage/CMakeFiles/LAB9OOP.dir/Tests.cpp.gcda
        -:    0:Runs:1
        -:    1:#pragma once
        -:    2:
        -:    3:#include "Movie.h"
        -:    4:#include "Exceptions.h"
        -:    5:#include <vector>
        -:    6:
        -:    7:using namespace std;
        -:    8:
        -:    9:class MovieRepository {
        -:   10:protected:
        -:   11:    vector<Movie> movies;
        -:   12:public:
function _ZN15MovieRepositoryC2Ev called 5 returned 100% blocks executed 100%
        5:   13:    MovieRepository() = default;
        5:   13-block  0
call    0 returned 5
        -:   14:
        -:   15:    virtual ~MovieRepository();
        -:   16:
        -:   17:    virtual void add(const Movie &movie);
        -:   18:
        -:   19:    virtual void remove(const Movie &movie);
        -:   20:
        -:   21:    virtual void update(const Movie &movie);
        -:   22:
        -:   23:    virtual const vector<Movie> &getAll() const;
        -:   24:
        -:   25:    virtual int size() const;
        -:   26:
        -:   27:    virtual const Movie &getMovie(int index) const;
        -:   28:
        -:   29:    virtual int find(const Movie &movie) const;
        -:   30:
        -:   31:
        -:   32:};
