        -:    0:Source:/home/octav/CLionProjects/LAB9OOP/Tests.cpp
        -:    0:Graph:/home/octav/CLionProjects/LAB9OOP/cmake-build-debug-coverage/CMakeFiles/LAB9OOP.dir/Tests.cpp.gcno
        -:    0:Data:/home/octav/CLionProjects/LAB9OOP/cmake-build-debug-coverage/CMakeFiles/LAB9OOP.dir/Tests.cpp.gcda
        -:    0:Runs:1
        -:    1:
        -:    2:#include "Tests.h"
        -:    3:#include "Service.h"
        -:    4:#include <fstream>
        -:    5:
function _ZN5Tests7testAllEv called 1 returned 100% blocks executed 100%
        1:    6:void Tests::testAll() {
        1:    7:    testMovie();
        1:    7-block  0
call    0 returned 1
        1:    8:    testIO();
call    0 returned 1
        1:    9:    testRepo();
call    0 returned 1
        1:   10:    testRepoFile();
call    0 returned 1
        1:   11:    testService();
call    0 returned 1
        1:   12:}
        -:   13:
function _ZN5Tests9testMovieEv called 1 returned 100% blocks executed 64%
        1:   14:void Tests::testMovie() {
        -:   15:    Validator validator;
        1:   16:    Movie *movie1 = new Movie("1", "1", 1, "1");
        1:   16-block  0
call    0 returned 1
call    1 returned 1
branch  2 taken 1 (fallthrough)
branch  3 taken 0 (throw)
        1:   16-block  1
call    4 returned 1
call    5 returned 1
branch  6 taken 1 (fallthrough)
branch  7 taken 0 (throw)
        1:   16-block  2
call    8 returned 1
call    9 returned 1
branch 10 taken 1 (fallthrough)
branch 11 taken 0 (throw)
        1:   16-block  3
call   12 returned 1
branch 13 taken 1 (fallthrough)
branch 14 taken 0 (throw)
        1:   16-block  4
call   15 returned 1
branch 16 taken 1 (fallthrough)
branch 17 taken 0 (throw)
        1:   16-block  5
call   18 returned 1
call   19 returned 1
call   20 returned 1
call   21 returned 1
call   22 returned 1
call   23 returned 1
    $$$$$:   16-block  6
call   24 never executed
    $$$$$:   16-block  7
call   25 never executed
    $$$$$:   16-block  8
    $$$$$:   16-block  9
call   26 never executed
    $$$$$:   16-block 10
    $$$$$:   16-block 11
call   27 never executed
    $$$$$:   16-block 12
    $$$$$:   16-block 13
call   28 never executed
    $$$$$:   16-block 14
    $$$$$:   16-block 15
call   29 never executed
    $$$$$:   16-block 16
    $$$$$:   16-block 17
call   30 never executed
    $$$$$:   16-block 18
        1:   17:    Movie *movie2 = new Movie(*movie1);
call    0 returned 1
branch  1 taken 1 (fallthrough)
branch  2 taken 0 (throw)
        1:   17-block  0
call    3 returned 1
branch  4 taken 1 (fallthrough)
branch  5 taken 0 (throw)
    $$$$$:   17-block  1
call    6 never executed
        1:   18:    Movie *movie3 = new Movie();
        1:   18-block  0
call    0 returned 1
branch  1 taken 1 (fallthrough)
branch  2 taken 0 (throw)
        1:   18-block  1
call    3 returned 1
        1:   19:    *movie3 = *movie1;
call    0 returned 1
branch  1 taken 1 (fallthrough)
branch  2 taken 0 (throw)
       1*:   20:    assert(*movie1 == *movie2);
        1:   20-block  0
call    0 returned 1
branch  1 taken 1 (fallthrough)
branch  2 taken 0 (throw)
        1:   20-block  1
branch  3 taken 0 (fallthrough)
branch  4 taken 1
    %%%%%:   20-block  2
call    5 never executed
        -:   21:
       1*:   22:    assert(movie1->getTitle() == "1");
        1:   22-block  0
call    0 returned 1
branch  1 taken 1 (fallthrough)
branch  2 taken 0 (throw)
        1:   22-block  1
call    3 returned 1
branch  4 taken 0 (fallthrough)
branch  5 taken 1
    %%%%%:   22-block  2
call    6 never executed
        1:   22-block  3
call    7 returned 1
       1*:   23:    assert(movie1->getGenre() == "1");
call    0 returned 1
branch  1 taken 1 (fallthrough)
branch  2 taken 0 (throw)
        1:   23-block  0
call    3 returned 1
branch  4 taken 0 (fallthrough)
branch  5 taken 1
    %%%%%:   23-block  1
call    6 never executed
        1:   23-block  2
call    7 returned 1
       1*:   24:    assert(movie1->getYear() == 1);
call    0 returned 1
branch  1 taken 1 (fallthrough)
branch  2 taken 0 (throw)
        1:   24-block  0
branch  3 taken 0 (fallthrough)
branch  4 taken 1
    %%%%%:   24-block  1
call    5 never executed
       1*:   25:    assert(movie1->getMainActor() == "1");
        1:   25-block  0
call    0 returned 1
branch  1 taken 1 (fallthrough)
branch  2 taken 0 (throw)
        1:   25-block  1
call    3 returned 1
branch  4 taken 0 (fallthrough)
branch  5 taken 1
    %%%%%:   25-block  2
call    6 never executed
        1:   25-block  3
call    7 returned 1
        -:   26:
        1:   27:    validator.validateMovie(*movie1);
call    0 returned 1
branch  1 taken 1 (fallthrough)
branch  2 taken 0 (throw)
        -:   28:
        1:   29:    string s = movie1->toString();
        1:   29-block  0
call    0 returned 1
branch  1 taken 1 (fallthrough)
branch  2 taken 0 (throw)
        -:   30:
        1:   31:    movie1->setTitle("");
        1:   31-block  0
call    0 returned 1
call    1 returned 1
branch  2 taken 1 (fallthrough)
branch  3 taken 0 (throw)
        1:   31-block  1
call    4 returned 1
branch  5 taken 1 (fallthrough)
branch  6 taken 0 (throw)
        1:   31-block  2
call    7 returned 1
call    8 returned 1
    $$$$$:   31-block  3
call    9 never executed
    $$$$$:   31-block  4
    $$$$$:   31-block  5
call   10 never executed
    $$$$$:   31-block  6
        1:   32:    movie1->setGenre("");
call    0 returned 1
call    1 returned 1
branch  2 taken 1 (fallthrough)
branch  3 taken 0 (throw)
        1:   32-block  0
call    4 returned 1
branch  5 taken 1 (fallthrough)
branch  6 taken 0 (throw)
        1:   32-block  1
call    7 returned 1
call    8 returned 1
    $$$$$:   32-block  2
call    9 never executed
    $$$$$:   32-block  3
    $$$$$:   32-block  4
call   10 never executed
    $$$$$:   32-block  5
        1:   33:    movie1->setYear(-24);
call    0 returned 1
branch  1 taken 1 (fallthrough)
branch  2 taken 0 (throw)
        1:   34:    movie1->setMainActor("");
        1:   34-block  0
call    0 returned 1
call    1 returned 1
branch  2 taken 1 (fallthrough)
branch  3 taken 0 (throw)
        1:   34-block  1
call    4 returned 1
branch  5 taken 1 (fallthrough)
branch  6 taken 0 (throw)
        1:   34-block  2
call    7 returned 1
call    8 returned 1
    $$$$$:   34-block  3
call    9 never executed
    $$$$$:   34-block  4
    $$$$$:   34-block  5
call   10 never executed
    $$$$$:   34-block  6
       1*:   35:    assert(*movie1 != *movie3);
call    0 returned 1
branch  1 taken 1 (fallthrough)
branch  2 taken 0 (throw)
        1:   35-block  0
branch  3 taken 0 (fallthrough)
branch  4 taken 1
    %%%%%:   35-block  1
call    5 never executed
        -:   36:    try {
        1:   37:        validator.validateMovie(*movie1);
        1:   37-block  0
call    0 returned 1
branch  1 taken 0 (fallthrough)
branch  2 taken 1 (throw)
        -:   38:    }
        1:   39:    catch (ValidationException &exception) {
        1:   39-block  0
branch  0 taken 0 (fallthrough)
branch  1 taken 1
        1:   39-block  1
call    2 returned 1
        -:   40:        assert(true);
        1:   41:    }
call    0 returned 1
branch  1 taken 1 (fallthrough)
branch  2 taken 0 (throw)
        -:   42:
        1:   43:    Movie cm1 = std::move(*movie1);
        1:   43-block  0
call    0 returned 1
call    1 returned 1
       1*:   44:    assert(cm1.getTitle().empty());
call    0 returned 1
branch  1 taken 1 (fallthrough)
branch  2 taken 0 (throw)
        1:   44-block  0
call    3 returned 1
branch  4 taken 0 (fallthrough)
branch  5 taken 1
    %%%%%:   44-block  1
call    6 never executed
        1:   44-block  2
call    7 returned 1
        1:   45:    auto *cm2 = new Movie(std::move(*movie3));
call    0 returned 1
call    1 returned 1
branch  2 taken 1 (fallthrough)
branch  3 taken 0 (throw)
        1:   45-block  0
call    4 returned 1
       1*:   46:    assert(cm2->getTitle() == "1");
call    0 returned 1
branch  1 taken 1 (fallthrough)
branch  2 taken 0 (throw)
        1:   46-block  0
call    3 returned 1
branch  4 taken 0 (fallthrough)
branch  5 taken 1
    %%%%%:   46-block  1
call    6 never executed
        1:   46-block  2
call    7 returned 1
        -:   47:
        -:   48:
        1:   49:    auto cm3 = new Movie();
call    0 returned 1
branch  1 taken 1 (fallthrough)
branch  2 taken 0 (throw)
        1:   49-block  0
call    3 returned 1
        1:   50:    *cm3 = std::move(*cm2);
call    0 returned 1
call    1 returned 1
        -:   51:
       1*:   52:    assert(cm3->getTitle() == "1");
call    0 returned 1
branch  1 taken 1 (fallthrough)
branch  2 taken 0 (throw)
        1:   52-block  0
call    3 returned 1
branch  4 taken 0 (fallthrough)
branch  5 taken 1
    %%%%%:   52-block  1
call    6 never executed
        1:   52-block  2
call    7 returned 1
        -:   53:
        -:   54:
        1:   55:    delete movie1;
branch  0 taken 1 (fallthrough)
branch  1 taken 0
        1:   55-block  0
call    2 returned 1
call    3 returned 1
        1:   56:    delete movie2;
        1:   56-block  0
branch  0 taken 1 (fallthrough)
branch  1 taken 0
        1:   56-block  1
call    2 returned 1
call    3 returned 1
        1:   57:    delete movie3;
        1:   57-block  0
branch  0 taken 1 (fallthrough)
branch  1 taken 0
        1:   57-block  1
call    2 returned 1
call    3 returned 1
        1:   58:    delete cm3;
        1:   58-block  0
branch  0 taken 1 (fallthrough)
branch  1 taken 0
        1:   58-block  1
call    2 returned 1
call    3 returned 1
        1:   59:}
        1:   59-block  0
call    0 returned 1
call    1 returned 1
    $$$$$:   59-block  1
call    2 never executed
    $$$$$:   59-block  2
call    3 never executed
        -:   60:
function _ZN5Tests6testIOEv called 1 returned 100% blocks executed 59%
        1:   61:void Tests::testIO() {
        1:   62:    Movie *movie = new Movie("1", "1", 1, "1");
        1:   62-block  0
call    0 returned 1
call    1 returned 1
branch  2 taken 1 (fallthrough)
branch  3 taken 0 (throw)
        1:   62-block  1
call    4 returned 1
call    5 returned 1
branch  6 taken 1 (fallthrough)
branch  7 taken 0 (throw)
        1:   62-block  2
call    8 returned 1
call    9 returned 1
branch 10 taken 1 (fallthrough)
branch 11 taken 0 (throw)
        1:   62-block  3
call   12 returned 1
branch 13 taken 1 (fallthrough)
branch 14 taken 0 (throw)
        1:   62-block  4
call   15 returned 1
branch 16 taken 1 (fallthrough)
branch 17 taken 0 (throw)
        1:   62-block  5
call   18 returned 1
call   19 returned 1
call   20 returned 1
call   21 returned 1
call   22 returned 1
call   23 returned 1
    $$$$$:   62-block  6
call   24 never executed
    $$$$$:   62-block  7
call   25 never executed
    $$$$$:   62-block  8
    $$$$$:   62-block  9
call   26 never executed
    $$$$$:   62-block 10
    $$$$$:   62-block 11
call   27 never executed
    $$$$$:   62-block 12
    $$$$$:   62-block 13
call   28 never executed
    $$$$$:   62-block 14
    $$$$$:   62-block 15
call   29 never executed
    $$$$$:   62-block 16
    $$$$$:   62-block 17
call   30 never executed
    $$$$$:   62-block 18
        1:   63:    Movie *movie2 = new Movie();
call    0 returned 1
branch  1 taken 1 (fallthrough)
branch  2 taken 0 (throw)
        1:   63-block  0
call    3 returned 1
        -:   64:
        1:   65:    Movie aux;
call    0 returned 1
        1:   66:    ofstream fout("/home/octav/CLionProjects/LAB9OOP/testIO/out");
call    0 returned 1
branch  1 taken 1 (fallthrough)
branch  2 taken 0 (throw)
        1:   67:    ifstream fin("/home/octav/CLionProjects/LAB9OOP/testIO/in");
        1:   67-block  0
call    0 returned 1
branch  1 taken 1 (fallthrough)
branch  2 taken 0 (throw)
        -:   68:
        1:   69:    fout << *movie;
        1:   69-block  0
call    0 returned 1
branch  1 taken 1 (fallthrough)
branch  2 taken 0 (throw)
        1:   70:    fin >> *movie2;
        1:   70-block  0
call    0 returned 1
branch  1 taken 1 (fallthrough)
branch  2 taken 0 (throw)
        1:   71:    fin >> aux;
        1:   71-block  0
call    0 returned 1
branch  1 taken 1 (fallthrough)
branch  2 taken 0 (throw)
       1*:   72:    assert(movie2->getTitle() == "1");
        1:   72-block  0
call    0 returned 1
branch  1 taken 1 (fallthrough)
branch  2 taken 0 (throw)
        1:   72-block  1
call    3 returned 1
branch  4 taken 0 (fallthrough)
branch  5 taken 1
    %%%%%:   72-block  2
call    6 never executed
        1:   72-block  3
call    7 returned 1
        -:   73:
        -:   74:
        1:   75:    delete movie;
branch  0 taken 1 (fallthrough)
branch  1 taken 0
        1:   75-block  0
call    2 returned 1
call    3 returned 1
        1:   76:    delete movie2;
        1:   76-block  0
branch  0 taken 1 (fallthrough)
branch  1 taken 0
        1:   76-block  1
call    2 returned 1
call    3 returned 1
        1:   77:    fin.close();
        1:   77-block  0
call    0 returned 1
branch  1 taken 1 (fallthrough)
branch  2 taken 0 (throw)
        1:   78:    fout.close();
        1:   78-block  0
call    0 returned 1
branch  1 taken 1 (fallthrough)
branch  2 taken 0 (throw)
        1:   79:}
        1:   79-block  0
call    0 returned 1
call    1 returned 1
call    2 returned 1
    $$$$$:   79-block  1
call    3 never executed
    $$$$$:   79-block  2
call    4 never executed
    $$$$$:   79-block  3
call    5 never executed
        -:   80:
function _ZN5Tests8testRepoEv called 1 returned 100% blocks executed 51%
        1:   81:void Tests::testRepo() {
        1:   82:    MovieRepository repo;
        1:   82-block  0
call    0 returned 1
        2:   83:    Movie movie1 = Movie("1", "1", 1, "1");
call    0 returned 1
call    1 returned 1
branch  2 taken 1 (fallthrough)
branch  3 taken 0 (throw)
        1:   83-block  0
call    4 returned 1
call    5 returned 1
branch  6 taken 1 (fallthrough)
branch  7 taken 0 (throw)
        1:   83-block  1
call    8 returned 1
call    9 returned 1
branch 10 taken 1 (fallthrough)
branch 11 taken 0 (throw)
        1:   83-block  2
call   12 returned 1
branch 13 taken 1 (fallthrough)
branch 14 taken 0 (throw)
call   15 returned 1
call   16 returned 1
call   17 returned 1
call   18 returned 1
call   19 returned 1
    $$$$$:   83-block  3
    $$$$$:   83-block  4
    $$$$$:   83-block  5
    $$$$$:   83-block  6
    $$$$$:   83-block  7
    $$$$$:   83-block  8
        2:   84:    Movie movie2 = Movie("2", "2", 2, "2");
call    0 returned 1
call    1 returned 1
branch  2 taken 1 (fallthrough)
branch  3 taken 0 (throw)
        1:   84-block  0
call    4 returned 1
call    5 returned 1
branch  6 taken 1 (fallthrough)
branch  7 taken 0 (throw)
        1:   84-block  1
call    8 returned 1
call    9 returned 1
branch 10 taken 1 (fallthrough)
branch 11 taken 0 (throw)
        1:   84-block  2
call   12 returned 1
branch 13 taken 1 (fallthrough)
branch 14 taken 0 (throw)
call   15 returned 1
call   16 returned 1
call   17 returned 1
call   18 returned 1
call   19 returned 1
    $$$$$:   84-block  3
    $$$$$:   84-block  4
    $$$$$:   84-block  5
    $$$$$:   84-block  6
    $$$$$:   84-block  7
    $$$$$:   84-block  8
        2:   85:    Movie movie3 = Movie("1", "3", 3, "3");
call    0 returned 1
call    1 returned 1
branch  2 taken 1 (fallthrough)
branch  3 taken 0 (throw)
        1:   85-block  0
call    4 returned 1
call    5 returned 1
branch  6 taken 1 (fallthrough)
branch  7 taken 0 (throw)
        1:   85-block  1
call    8 returned 1
call    9 returned 1
branch 10 taken 1 (fallthrough)
branch 11 taken 0 (throw)
        1:   85-block  2
call   12 returned 1
branch 13 taken 1 (fallthrough)
branch 14 taken 0 (throw)
call   15 returned 1
call   16 returned 1
call   17 returned 1
call   18 returned 1
call   19 returned 1
    $$$$$:   85-block  3
    $$$$$:   85-block  4
    $$$$$:   85-block  5
    $$$$$:   85-block  6
    $$$$$:   85-block  7
    $$$$$:   85-block  8
        1:   86:    repo.add(movie1);
call    0 returned 1
branch  1 taken 1 (fallthrough)
branch  2 taken 0 (throw)
        -:   87:    try {
        1:   88:        repo.add(movie1);
        1:   88-block  0
call    0 returned 1
branch  1 taken 0 (fallthrough)
branch  2 taken 1 (throw)
        -:   89:    }
        1:   90:    catch (RepositoryException &exception) {
        1:   90-block  0
branch  0 taken 0 (fallthrough)
branch  1 taken 1
        1:   90-block  1
call    2 returned 1
        -:   91:        assert(true);
        1:   92:    }
call    0 returned 1
branch  1 taken 1 (fallthrough)
branch  2 taken 0 (throw)
        -:   93:    try {
        1:   94:        repo.remove(movie2);
        1:   94-block  0
call    0 returned 1
branch  1 taken 0 (fallthrough)
branch  2 taken 1 (throw)
        -:   95:    }
        1:   96:    catch (RepositoryException &exception) {
        1:   96-block  0
branch  0 taken 0 (fallthrough)
branch  1 taken 1
        1:   96-block  1
call    2 returned 1
        -:   97:        assert(true);
        1:   98:    }
call    0 returned 1
branch  1 taken 1 (fallthrough)
branch  2 taken 0 (throw)
        -:   99:    try {
        1:  100:        repo.update(movie2);
        1:  100-block  0
call    0 returned 1
branch  1 taken 0 (fallthrough)
branch  2 taken 1 (throw)
        -:  101:    }
        1:  102:    catch (RepositoryException &exception) {
        1:  102-block  0
branch  0 taken 0 (fallthrough)
branch  1 taken 1
        1:  102-block  1
call    2 returned 1
        -:  103:        assert(true);
        1:  104:    }
call    0 returned 1
branch  1 taken 1 (fallthrough)
branch  2 taken 0 (throw)
        1:  105:    repo.add(movie2);
        1:  105-block  0
call    0 returned 1
branch  1 taken 1 (fallthrough)
branch  2 taken 0 (throw)
        1:  106:    repo.remove(movie2);
        1:  106-block  0
call    0 returned 1
branch  1 taken 1 (fallthrough)
branch  2 taken 0 (throw)
        1:  107:    repo.update(movie3);
        1:  107-block  0
call    0 returned 1
branch  1 taken 1 (fallthrough)
branch  2 taken 0 (throw)
       1*:  108:    assert(repo.getAll().size() == 1);
        1:  108-block  0
call    0 returned 1
branch  1 taken 1 (fallthrough)
branch  2 taken 0 (throw)
        1:  108-block  1
call    3 returned 1
branch  4 taken 0 (fallthrough)
branch  5 taken 1
    %%%%%:  108-block  2
call    6 never executed
       1*:  109:    assert(repo.size() == 1);
        1:  109-block  0
call    0 returned 1
branch  1 taken 1 (fallthrough)
branch  2 taken 0 (throw)
        1:  109-block  1
branch  3 taken 0 (fallthrough)
branch  4 taken 1
    %%%%%:  109-block  2
call    5 never executed
        -:  110:
        1:  111:    Movie m = repo.getMovie(0);
        1:  111-block  0
call    0 returned 1
branch  1 taken 1 (fallthrough)
branch  2 taken 0 (throw)
        1:  111-block  1
call    3 returned 1
branch  4 taken 1 (fallthrough)
branch  5 taken 0 (throw)
        1:  112:}
        1:  112-block  0
call    0 returned 1
call    1 returned 1
call    2 returned 1
call    3 returned 1
call    4 returned 1
    $$$$$:  112-block  1
call    5 never executed
    $$$$$:  112-block  2
call    6 never executed
    $$$$$:  112-block  3
call    7 never executed
    $$$$$:  112-block  4
call    8 never executed
        -:  113:
function _ZN5Tests12testRepoFileEv called 1 returned 100% blocks executed 50%
        1:  114:void Tests::testRepoFile() {
        2:  115:    MovieRepositoryFile repo = MovieRepositoryFile("/home/octav/CLionProjects/LAB9OOP/IORepoTests/test");
        1:  115-block  0
call    0 returned 1
call    1 returned 1
branch  2 taken 1 (fallthrough)
branch  3 taken 0 (throw)
        1:  115-block  1
call    4 returned 1
branch  5 taken 1 (fallthrough)
branch  6 taken 0 (throw)
call    7 returned 1
    $$$$$:  115-block  2
    $$$$$:  115-block  3
        2:  116:    Movie movie1 = Movie("1", "1", 1, "1");
call    0 returned 1
call    1 returned 1
branch  2 taken 1 (fallthrough)
branch  3 taken 0 (throw)
        1:  116-block  0
call    4 returned 1
call    5 returned 1
branch  6 taken 1 (fallthrough)
branch  7 taken 0 (throw)
        1:  116-block  1
call    8 returned 1
call    9 returned 1
branch 10 taken 1 (fallthrough)
branch 11 taken 0 (throw)
        1:  116-block  2
call   12 returned 1
branch 13 taken 1 (fallthrough)
branch 14 taken 0 (throw)
call   15 returned 1
call   16 returned 1
call   17 returned 1
call   18 returned 1
call   19 returned 1
    $$$$$:  116-block  3
    $$$$$:  116-block  4
    $$$$$:  116-block  5
    $$$$$:  116-block  6
    $$$$$:  116-block  7
    $$$$$:  116-block  8
        2:  117:    Movie movie2 = Movie("2", "2", 2, "2");
call    0 returned 1
call    1 returned 1
branch  2 taken 1 (fallthrough)
branch  3 taken 0 (throw)
        1:  117-block  0
call    4 returned 1
call    5 returned 1
branch  6 taken 1 (fallthrough)
branch  7 taken 0 (throw)
        1:  117-block  1
call    8 returned 1
call    9 returned 1
branch 10 taken 1 (fallthrough)
branch 11 taken 0 (throw)
        1:  117-block  2
call   12 returned 1
branch 13 taken 1 (fallthrough)
branch 14 taken 0 (throw)
call   15 returned 1
call   16 returned 1
call   17 returned 1
call   18 returned 1
call   19 returned 1
    $$$$$:  117-block  3
    $$$$$:  117-block  4
    $$$$$:  117-block  5
    $$$$$:  117-block  6
    $$$$$:  117-block  7
    $$$$$:  117-block  8
        2:  118:    Movie movie3 = Movie("1", "3", 3, "3");
call    0 returned 1
call    1 returned 1
branch  2 taken 1 (fallthrough)
branch  3 taken 0 (throw)
        1:  118-block  0
call    4 returned 1
call    5 returned 1
branch  6 taken 1 (fallthrough)
branch  7 taken 0 (throw)
        1:  118-block  1
call    8 returned 1
call    9 returned 1
branch 10 taken 1 (fallthrough)
branch 11 taken 0 (throw)
        1:  118-block  2
call   12 returned 1
branch 13 taken 1 (fallthrough)
branch 14 taken 0 (throw)
call   15 returned 1
call   16 returned 1
call   17 returned 1
call   18 returned 1
call   19 returned 1
    $$$$$:  118-block  3
    $$$$$:  118-block  4
    $$$$$:  118-block  5
    $$$$$:  118-block  6
    $$$$$:  118-block  7
    $$$$$:  118-block  8
        1:  119:    repo.add(movie1);
call    0 returned 1
branch  1 taken 1 (fallthrough)
branch  2 taken 0 (throw)
        -:  120:    try {
        1:  121:        repo.add(movie1);
        1:  121-block  0
call    0 returned 1
branch  1 taken 0 (fallthrough)
branch  2 taken 1 (throw)
        -:  122:    }
        1:  123:    catch (RepositoryException &exception) {
        1:  123-block  0
branch  0 taken 0 (fallthrough)
branch  1 taken 1
        1:  123-block  1
call    2 returned 1
        -:  124:        assert(true);
        1:  125:    }
call    0 returned 1
branch  1 taken 1 (fallthrough)
branch  2 taken 0 (throw)
        -:  126:    try {
        1:  127:        repo.remove(movie2);
        1:  127-block  0
call    0 returned 1
branch  1 taken 0 (fallthrough)
branch  2 taken 1 (throw)
        -:  128:    }
        1:  129:    catch (RepositoryException &exception) {
        1:  129-block  0
branch  0 taken 0 (fallthrough)
branch  1 taken 1
        1:  129-block  1
call    2 returned 1
        -:  130:        assert(true);
        1:  131:    }
call    0 returned 1
branch  1 taken 1 (fallthrough)
branch  2 taken 0 (throw)
        -:  132:    try {
        1:  133:        repo.update(movie2);
        1:  133-block  0
call    0 returned 1
branch  1 taken 0 (fallthrough)
branch  2 taken 1 (throw)
        -:  134:    }
        1:  135:    catch (RepositoryException &exception) {
        1:  135-block  0
branch  0 taken 0 (fallthrough)
branch  1 taken 1
        1:  135-block  1
call    2 returned 1
        -:  136:        assert(true);
        1:  137:    }
call    0 returned 1
branch  1 taken 1 (fallthrough)
branch  2 taken 0 (throw)
        1:  138:    repo.add(movie2);
        1:  138-block  0
call    0 returned 1
branch  1 taken 1 (fallthrough)
branch  2 taken 0 (throw)
        1:  139:    repo.remove(movie2);
        1:  139-block  0
call    0 returned 1
branch  1 taken 1 (fallthrough)
branch  2 taken 0 (throw)
        1:  140:    repo.update(movie3);
        1:  140-block  0
call    0 returned 1
branch  1 taken 1 (fallthrough)
branch  2 taken 0 (throw)
       1*:  141:    assert(repo.getAll().size() == 1);
        1:  141-block  0
call    0 returned 1
branch  1 taken 1 (fallthrough)
branch  2 taken 0 (throw)
        1:  141-block  1
call    3 returned 1
branch  4 taken 0 (fallthrough)
branch  5 taken 1
    %%%%%:  141-block  2
call    6 never executed
       1*:  142:    assert(repo.size() == 1);
        1:  142-block  0
call    0 returned 1
branch  1 taken 1 (fallthrough)
branch  2 taken 0 (throw)
        1:  142-block  1
branch  3 taken 0 (fallthrough)
branch  4 taken 1
    %%%%%:  142-block  2
call    5 never executed
        -:  143:
        1:  144:    Movie m = repo.getMovie(0);
        1:  144-block  0
call    0 returned 1
branch  1 taken 1 (fallthrough)
branch  2 taken 0 (throw)
        1:  144-block  1
call    3 returned 1
branch  4 taken 1 (fallthrough)
branch  5 taken 0 (throw)
        1:  145:    repo.remove(movie3);
        1:  145-block  0
call    0 returned 1
branch  1 taken 1 (fallthrough)
branch  2 taken 0 (throw)
        -:  146:
        1:  147:}
        1:  147-block  0
call    0 returned 1
call    1 returned 1
call    2 returned 1
call    3 returned 1
call    4 returned 1
    $$$$$:  147-block  1
call    5 never executed
    $$$$$:  147-block  2
call    6 never executed
    $$$$$:  147-block  3
call    7 never executed
    $$$$$:  147-block  4
call    8 never executed
    $$$$$:  147-block  5
call    9 never executed
        -:  148:
function _ZN5Tests11testServiceEv called 1 returned 100% blocks executed 61%
        1:  149:void Tests::testService() {
        2:  150:    MovieRepositoryFile repo = MovieRepositoryFile("/home/octav/CLionProjects/LAB9OOP/IORepoTests/testService");
        1:  150-block  0
call    0 returned 1
call    1 returned 1
branch  2 taken 1 (fallthrough)
branch  3 taken 0 (throw)
        1:  150-block  1
call    4 returned 1
branch  5 taken 1 (fallthrough)
branch  6 taken 0 (throw)
call    7 returned 1
    $$$$$:  150-block  2
    $$$$$:  150-block  3
        -:  151:    Validator validator;
        1:  152:    Service service = Service(repo, validator);
call    0 returned 1
branch  1 taken 1 (fallthrough)
branch  2 taken 0 (throw)
        -:  153:
        1:  154:    service.addMovie("1", "1", 1, "1");
        1:  154-block  0
call    0 returned 1
call    1 returned 1
branch  2 taken 1 (fallthrough)
branch  3 taken 0 (throw)
        1:  154-block  1
call    4 returned 1
call    5 returned 1
branch  6 taken 1 (fallthrough)
branch  7 taken 0 (throw)
        1:  154-block  2
call    8 returned 1
call    9 returned 1
branch 10 taken 1 (fallthrough)
branch 11 taken 0 (throw)
        1:  154-block  3
call   12 returned 1
branch 13 taken 1 (fallthrough)
branch 14 taken 0 (throw)
        1:  154-block  4
call   15 returned 1
call   16 returned 1
call   17 returned 1
call   18 returned 1
call   19 returned 1
call   20 returned 1
    $$$$$:  154-block  5
call   21 never executed
    $$$$$:  154-block  6
    $$$$$:  154-block  7
call   22 never executed
    $$$$$:  154-block  8
    $$$$$:  154-block  9
call   23 never executed
    $$$$$:  154-block 10
    $$$$$:  154-block 11
call   24 never executed
    $$$$$:  154-block 12
    $$$$$:  154-block 13
call   25 never executed
    $$$$$:  154-block 14
    $$$$$:  154-block 15
call   26 never executed
    $$$$$:  154-block 16
        -:  155:    try {
       7*:  156:        service.addMovie("1", "1", 1, "1");
call    0 returned 1
call    1 returned 1
branch  2 taken 1 (fallthrough)
branch  3 taken 0 (throw)
        1:  156-block  0
call    4 returned 1
call    5 returned 1
branch  6 taken 1 (fallthrough)
branch  7 taken 0 (throw)
        1:  156-block  1
call    8 returned 1
call    9 returned 1
branch 10 taken 1 (fallthrough)
branch 11 taken 0 (throw)
        1:  156-block  2
call   12 returned 1
branch 13 taken 0 (fallthrough)
branch 14 taken 1 (throw)
    %%%%%:  156-block  3
call   15 never executed
call   16 never executed
call   17 never executed
call   18 never executed
call   19 never executed
call   20 never executed
        1:  156-block  4
call   21 returned 1
        1:  156-block  5
        1:  156-block  6
call   22 returned 1
        1:  156-block  7
        1:  156-block  8
call   23 returned 1
        1:  156-block  9
        1:  156-block 10
call   24 returned 1
        1:  156-block 11
        1:  156-block 12
call   25 returned 1
        1:  156-block 13
        1:  156-block 14
call   26 returned 1
        1:  156-block 15
        -:  157:    }
        1:  158:    catch (RepositoryException &exception) {
        1:  158-block  0
branch  0 taken 0 (fallthrough)
branch  1 taken 1
        1:  158-block  1
call    2 returned 1
        -:  159:        assert(true);
        1:  160:    }
call    0 returned 1
branch  1 taken 1 (fallthrough)
branch  2 taken 0 (throw)
        -:  161:    try {
       7*:  162:        service.addMovie("", "", -1, "");
        1:  162-block  0
call    0 returned 1
call    1 returned 1
branch  2 taken 1 (fallthrough)
branch  3 taken 0 (throw)
        1:  162-block  1
call    4 returned 1
call    5 returned 1
branch  6 taken 1 (fallthrough)
branch  7 taken 0 (throw)
        1:  162-block  2
call    8 returned 1
call    9 returned 1
branch 10 taken 1 (fallthrough)
branch 11 taken 0 (throw)
        1:  162-block  3
call   12 returned 1
branch 13 taken 0 (fallthrough)
branch 14 taken 1 (throw)
    %%%%%:  162-block  4
call   15 never executed
call   16 never executed
call   17 never executed
call   18 never executed
call   19 never executed
call   20 never executed
        1:  162-block  5
call   21 returned 1
        1:  162-block  6
        1:  162-block  7
call   22 returned 1
        1:  162-block  8
        1:  162-block  9
call   23 returned 1
        1:  162-block 10
        1:  162-block 11
call   24 returned 1
        1:  162-block 12
        1:  162-block 13
call   25 returned 1
        1:  162-block 14
        1:  162-block 15
call   26 returned 1
        1:  162-block 16
        -:  163:    }
        1:  164:    catch (ValidationException &exception) {
        1:  164-block  0
branch  0 taken 0 (fallthrough)
branch  1 taken 1
        1:  164-block  1
call    2 returned 1
        -:  165:        assert(true);
        1:  166:    }
call    0 returned 1
branch  1 taken 1 (fallthrough)
branch  2 taken 0 (throw)
        -:  167:    try {
       3*:  168:        service.removeMovie("2");
        1:  168-block  0
call    0 returned 1
call    1 returned 1
branch  2 taken 1 (fallthrough)
branch  3 taken 0 (throw)
        1:  168-block  1
call    4 returned 1
branch  5 taken 0 (fallthrough)
branch  6 taken 1 (throw)
    %%%%%:  168-block  2
call    7 never executed
call    8 never executed
        1:  168-block  3
call    9 returned 1
        1:  168-block  4
        1:  168-block  5
call   10 returned 1
        1:  168-block  6
        -:  169:    }
        1:  170:    catch (RepositoryException &exception) {
        1:  170-block  0
branch  0 taken 0 (fallthrough)
branch  1 taken 1
        1:  170-block  1
call    2 returned 1
        -:  171:        assert(true);
        1:  172:    }
call    0 returned 1
branch  1 taken 1 (fallthrough)
branch  2 taken 0 (throw)
        -:  173:    try {
       7*:  174:        service.updateMovie("2", "2", 2, "2");
        1:  174-block  0
call    0 returned 1
call    1 returned 1
branch  2 taken 1 (fallthrough)
branch  3 taken 0 (throw)
        1:  174-block  1
call    4 returned 1
call    5 returned 1
branch  6 taken 1 (fallthrough)
branch  7 taken 0 (throw)
        1:  174-block  2
call    8 returned 1
call    9 returned 1
branch 10 taken 1 (fallthrough)
branch 11 taken 0 (throw)
        1:  174-block  3
call   12 returned 1
branch 13 taken 0 (fallthrough)
branch 14 taken 1 (throw)
    %%%%%:  174-block  4
call   15 never executed
call   16 never executed
call   17 never executed
call   18 never executed
call   19 never executed
call   20 never executed
        1:  174-block  5
call   21 returned 1
        1:  174-block  6
        1:  174-block  7
call   22 returned 1
        1:  174-block  8
        1:  174-block  9
call   23 returned 1
        1:  174-block 10
        1:  174-block 11
call   24 returned 1
        1:  174-block 12
        1:  174-block 13
call   25 returned 1
        1:  174-block 14
        1:  174-block 15
call   26 returned 1
        1:  174-block 16
        -:  175:    }
        1:  176:    catch (RepositoryException &exception) {
        1:  176-block  0
branch  0 taken 0 (fallthrough)
branch  1 taken 1
        1:  176-block  1
call    2 returned 1
        -:  177:        assert(true);
        1:  178:    }
call    0 returned 1
branch  1 taken 1 (fallthrough)
branch  2 taken 0 (throw)
        -:  179:    try {
       7*:  180:        service.updateMovie("1", "", -1, "");
        1:  180-block  0
call    0 returned 1
call    1 returned 1
branch  2 taken 1 (fallthrough)
branch  3 taken 0 (throw)
        1:  180-block  1
call    4 returned 1
call    5 returned 1
branch  6 taken 1 (fallthrough)
branch  7 taken 0 (throw)
        1:  180-block  2
call    8 returned 1
call    9 returned 1
branch 10 taken 1 (fallthrough)
branch 11 taken 0 (throw)
        1:  180-block  3
call   12 returned 1
branch 13 taken 0 (fallthrough)
branch 14 taken 1 (throw)
    %%%%%:  180-block  4
call   15 never executed
call   16 never executed
call   17 never executed
call   18 never executed
call   19 never executed
call   20 never executed
        1:  180-block  5
call   21 returned 1
        1:  180-block  6
        1:  180-block  7
call   22 returned 1
        1:  180-block  8
        1:  180-block  9
call   23 returned 1
        1:  180-block 10
        1:  180-block 11
call   24 returned 1
        1:  180-block 12
        1:  180-block 13
call   25 returned 1
        1:  180-block 14
        1:  180-block 15
call   26 returned 1
        1:  180-block 16
        -:  181:    }
        1:  182:    catch (ValidationException &exception) {
        1:  182-block  0
branch  0 taken 0 (fallthrough)
branch  1 taken 1
        1:  182-block  1
call    2 returned 1
        -:  183:        assert(true);
        1:  184:    }
call    0 returned 1
branch  1 taken 1 (fallthrough)
branch  2 taken 0 (throw)
        1:  185:    service.updateMovie("1", "3", 3, "3");
        1:  185-block  0
call    0 returned 1
call    1 returned 1
branch  2 taken 1 (fallthrough)
branch  3 taken 0 (throw)
        1:  185-block  1
call    4 returned 1
call    5 returned 1
branch  6 taken 1 (fallthrough)
branch  7 taken 0 (throw)
        1:  185-block  2
call    8 returned 1
call    9 returned 1
branch 10 taken 1 (fallthrough)
branch 11 taken 0 (throw)
        1:  185-block  3
call   12 returned 1
branch 13 taken 1 (fallthrough)
branch 14 taken 0 (throw)
        1:  185-block  4
call   15 returned 1
call   16 returned 1
call   17 returned 1
call   18 returned 1
call   19 returned 1
call   20 returned 1
    $$$$$:  185-block  5
call   21 never executed
    $$$$$:  185-block  6
    $$$$$:  185-block  7
call   22 never executed
    $$$$$:  185-block  8
    $$$$$:  185-block  9
call   23 never executed
    $$$$$:  185-block 10
    $$$$$:  185-block 11
call   24 never executed
    $$$$$:  185-block 12
    $$$$$:  185-block 13
call   25 never executed
    $$$$$:  185-block 14
    $$$$$:  185-block 15
call   26 never executed
    $$$$$:  185-block 16
       1*:  186:    assert(service.getAll().size() == 1);
call    0 returned 1
branch  1 taken 1 (fallthrough)
branch  2 taken 0 (throw)
        1:  186-block  0
call    3 returned 1
branch  4 taken 0 (fallthrough)
branch  5 taken 1
    %%%%%:  186-block  1
call    6 never executed
       1*:  187:    assert(service.getMovie(0).getTitle() == "1");
        1:  187-block  0
call    0 returned 1
branch  1 taken 1 (fallthrough)
branch  2 taken 0 (throw)
        1:  187-block  1
call    3 returned 1
branch  4 taken 1 (fallthrough)
branch  5 taken 0 (throw)
        1:  187-block  2
call    6 returned 1
branch  7 taken 0 (fallthrough)
branch  8 taken 1
    %%%%%:  187-block  3
call    9 never executed
        1:  187-block  4
call   10 returned 1
       1*:  188:    assert(service.size() == 1);
call    0 returned 1
branch  1 taken 1 (fallthrough)
branch  2 taken 0 (throw)
        1:  188-block  0
branch  3 taken 0 (fallthrough)
branch  4 taken 1
    %%%%%:  188-block  1
call    5 never executed
       1*:  189:    assert(service.find("1") == 0);
        1:  189-block  0
call    0 returned 1
call    1 returned 1
branch  2 taken 1 (fallthrough)
branch  3 taken 0 (throw)
        1:  189-block  1
call    4 returned 1
branch  5 taken 1 (fallthrough)
branch  6 taken 0 (throw)
        1:  189-block  2
branch  7 taken 0 (fallthrough)
branch  8 taken 1
    %%%%%:  189-block  3
call    9 never executed
        1:  189-block  4
call   10 returned 1
call   11 returned 1
    $$$$$:  189-block  5
call   12 never executed
    $$$$$:  189-block  6
    $$$$$:  189-block  7
call   13 never executed
    $$$$$:  189-block  8
        1:  190:    service.removeMovie("1");
call    0 returned 1
call    1 returned 1
branch  2 taken 1 (fallthrough)
branch  3 taken 0 (throw)
        1:  190-block  0
call    4 returned 1
branch  5 taken 1 (fallthrough)
branch  6 taken 0 (throw)
        1:  190-block  1
call    7 returned 1
call    8 returned 1
    $$$$$:  190-block  2
call    9 never executed
    $$$$$:  190-block  3
    $$$$$:  190-block  4
call   10 never executed
    $$$$$:  190-block  5
        -:  191:
        1:  192:    service.addMovie("1", "1", 1, "1");
call    0 returned 1
call    1 returned 1
branch  2 taken 1 (fallthrough)
branch  3 taken 0 (throw)
        1:  192-block  0
call    4 returned 1
call    5 returned 1
branch  6 taken 1 (fallthrough)
branch  7 taken 0 (throw)
        1:  192-block  1
call    8 returned 1
call    9 returned 1
branch 10 taken 1 (fallthrough)
branch 11 taken 0 (throw)
        1:  192-block  2
call   12 returned 1
branch 13 taken 1 (fallthrough)
branch 14 taken 0 (throw)
        1:  192-block  3
call   15 returned 1
call   16 returned 1
call   17 returned 1
call   18 returned 1
call   19 returned 1
call   20 returned 1
    $$$$$:  192-block  4
call   21 never executed
    $$$$$:  192-block  5
    $$$$$:  192-block  6
call   22 never executed
    $$$$$:  192-block  7
    $$$$$:  192-block  8
call   23 never executed
    $$$$$:  192-block  9
    $$$$$:  192-block 10
call   24 never executed
    $$$$$:  192-block 11
    $$$$$:  192-block 12
call   25 never executed
    $$$$$:  192-block 13
    $$$$$:  192-block 14
call   26 never executed
    $$$$$:  192-block 15
        1:  193:    service.addMovie("3", "3", 3, "3");
call    0 returned 1
call    1 returned 1
branch  2 taken 1 (fallthrough)
branch  3 taken 0 (throw)
        1:  193-block  0
call    4 returned 1
call    5 returned 1
branch  6 taken 1 (fallthrough)
branch  7 taken 0 (throw)
        1:  193-block  1
call    8 returned 1
call    9 returned 1
branch 10 taken 1 (fallthrough)
branch 11 taken 0 (throw)
        1:  193-block  2
call   12 returned 1
branch 13 taken 1 (fallthrough)
branch 14 taken 0 (throw)
        1:  193-block  3
call   15 returned 1
call   16 returned 1
call   17 returned 1
call   18 returned 1
call   19 returned 1
call   20 returned 1
    $$$$$:  193-block  4
call   21 never executed
    $$$$$:  193-block  5
    $$$$$:  193-block  6
call   22 never executed
    $$$$$:  193-block  7
    $$$$$:  193-block  8
call   23 never executed
    $$$$$:  193-block  9
    $$$$$:  193-block 10
call   24 never executed
    $$$$$:  193-block 11
    $$$$$:  193-block 12
call   25 never executed
    $$$$$:  193-block 13
    $$$$$:  193-block 14
call   26 never executed
    $$$$$:  193-block 15
        1:  194:    service.addMovie("2", "2", 2, "2");
call    0 returned 1
call    1 returned 1
branch  2 taken 1 (fallthrough)
branch  3 taken 0 (throw)
        1:  194-block  0
call    4 returned 1
call    5 returned 1
branch  6 taken 1 (fallthrough)
branch  7 taken 0 (throw)
        1:  194-block  1
call    8 returned 1
call    9 returned 1
branch 10 taken 1 (fallthrough)
branch 11 taken 0 (throw)
        1:  194-block  2
call   12 returned 1
branch 13 taken 1 (fallthrough)
branch 14 taken 0 (throw)
        1:  194-block  3
call   15 returned 1
call   16 returned 1
call   17 returned 1
call   18 returned 1
call   19 returned 1
call   20 returned 1
    $$$$$:  194-block  4
call   21 never executed
    $$$$$:  194-block  5
    $$$$$:  194-block  6
call   22 never executed
    $$$$$:  194-block  7
    $$$$$:  194-block  8
call   23 never executed
    $$$$$:  194-block  9
    $$$$$:  194-block 10
call   24 never executed
    $$$$$:  194-block 11
    $$$$$:  194-block 12
call   25 never executed
    $$$$$:  194-block 13
    $$$$$:  194-block 14
call   26 never executed
    $$$$$:  194-block 15
        -:  195:
        -:  196:
       1*:  197:    assert(service.getMoviesByTitle("1").size() == 1);
call    0 returned 1
call    1 returned 1
branch  2 taken 1 (fallthrough)
branch  3 taken 0 (throw)
        1:  197-block  0
call    4 returned 1
branch  5 taken 1 (fallthrough)
branch  6 taken 0 (throw)
        1:  197-block  1
call    7 returned 1
branch  8 taken 0 (fallthrough)
branch  9 taken 1
    %%%%%:  197-block  2
call   10 never executed
        1:  197-block  3
call   11 returned 1
call   12 returned 1
call   13 returned 1
    $$$$$:  197-block  4
call   14 never executed
    $$$$$:  197-block  5
    $$$$$:  197-block  6
call   15 never executed
    $$$$$:  197-block  7
       1*:  198:    assert(service.getMoviesByYear(2).size() == 1);
call    0 returned 1
branch  1 taken 1 (fallthrough)
branch  2 taken 0 (throw)
        1:  198-block  0
call    3 returned 1
branch  4 taken 0 (fallthrough)
branch  5 taken 1
    %%%%%:  198-block  1
call    6 never executed
        1:  198-block  2
call    7 returned 1
       1*:  199:    assert(service.sortMoviesByTitle(true)[0].getTitle() == "1");
call    0 returned 1
branch  1 taken 1 (fallthrough)
branch  2 taken 0 (throw)
        1:  199-block  0
call    3 returned 1
call    4 returned 1
branch  5 taken 1 (fallthrough)
branch  6 taken 0 (throw)
        1:  199-block  1
call    7 returned 1
branch  8 taken 0 (fallthrough)
branch  9 taken 1
    %%%%%:  199-block  2
call   10 never executed
        1:  199-block  3
call   11 returned 1
call   12 returned 1
    $$$$$:  199-block  4
call   13 never executed
    $$$$$:  199-block  5
       1*:  200:    assert(service.sortMoviesByYear(true)[0].getYear() == 1);
call    0 returned 1
branch  1 taken 1 (fallthrough)
branch  2 taken 0 (throw)
        1:  200-block  0
call    3 returned 1
call    4 returned 1
branch  5 taken 1 (fallthrough)
branch  6 taken 0 (throw)
        1:  200-block  1
branch  7 taken 0 (fallthrough)
branch  8 taken 1
    %%%%%:  200-block  2
call    9 never executed
        1:  200-block  3
call   10 returned 1
    $$$$$:  200-block  4
call   11 never executed
    $$$$$:  200-block  5
       1*:  201:    assert(service.sortMoviesByGenre(true)[0].getGenre() == "1");
call    0 returned 1
branch  1 taken 1 (fallthrough)
branch  2 taken 0 (throw)
        1:  201-block  0
call    3 returned 1
call    4 returned 1
branch  5 taken 1 (fallthrough)
branch  6 taken 0 (throw)
        1:  201-block  1
call    7 returned 1
branch  8 taken 0 (fallthrough)
branch  9 taken 1
    %%%%%:  201-block  2
call   10 never executed
        1:  201-block  3
call   11 returned 1
call   12 returned 1
    $$$$$:  201-block  4
call   13 never executed
    $$$$$:  201-block  5
       1*:  202:    assert(service.sortMoviesByMainActor(true)[0].getMainActor() == "1");
call    0 returned 1
branch  1 taken 1 (fallthrough)
branch  2 taken 0 (throw)
        1:  202-block  0
call    3 returned 1
call    4 returned 1
branch  5 taken 1 (fallthrough)
branch  6 taken 0 (throw)
        1:  202-block  1
call    7 returned 1
branch  8 taken 0 (fallthrough)
branch  9 taken 1
    %%%%%:  202-block  2
call   10 never executed
        1:  202-block  3
call   11 returned 1
call   12 returned 1
    $$$$$:  202-block  4
call   13 never executed
    $$$$$:  202-block  5
       1*:  203:    assert(service.sortMoviesByTitle(false)[0].getTitle() == "3");
call    0 returned 1
branch  1 taken 1 (fallthrough)
branch  2 taken 0 (throw)
        1:  203-block  0
call    3 returned 1
call    4 returned 1
branch  5 taken 1 (fallthrough)
branch  6 taken 0 (throw)
        1:  203-block  1
call    7 returned 1
branch  8 taken 0 (fallthrough)
branch  9 taken 1
    %%%%%:  203-block  2
call   10 never executed
        1:  203-block  3
call   11 returned 1
call   12 returned 1
    $$$$$:  203-block  4
call   13 never executed
    $$$$$:  203-block  5
       1*:  204:    assert(service.sortMoviesByYear(false)[0].getYear() == 3);
call    0 returned 1
branch  1 taken 1 (fallthrough)
branch  2 taken 0 (throw)
        1:  204-block  0
call    3 returned 1
call    4 returned 1
branch  5 taken 1 (fallthrough)
branch  6 taken 0 (throw)
        1:  204-block  1
branch  7 taken 0 (fallthrough)
branch  8 taken 1
    %%%%%:  204-block  2
call    9 never executed
        1:  204-block  3
call   10 returned 1
    $$$$$:  204-block  4
call   11 never executed
    $$$$$:  204-block  5
       1*:  205:    assert(service.sortMoviesByGenre(false)[0].getGenre() == "3");
call    0 returned 1
branch  1 taken 1 (fallthrough)
branch  2 taken 0 (throw)
        1:  205-block  0
call    3 returned 1
call    4 returned 1
branch  5 taken 1 (fallthrough)
branch  6 taken 0 (throw)
        1:  205-block  1
call    7 returned 1
branch  8 taken 0 (fallthrough)
branch  9 taken 1
    %%%%%:  205-block  2
call   10 never executed
        1:  205-block  3
call   11 returned 1
call   12 returned 1
    $$$$$:  205-block  4
call   13 never executed
    $$$$$:  205-block  5
       1*:  206:    assert(service.sortMoviesByMainActor(false)[0].getMainActor() == "3");
call    0 returned 1
branch  1 taken 1 (fallthrough)
branch  2 taken 0 (throw)
        1:  206-block  0
call    3 returned 1
call    4 returned 1
branch  5 taken 1 (fallthrough)
branch  6 taken 0 (throw)
        1:  206-block  1
call    7 returned 1
branch  8 taken 0 (fallthrough)
branch  9 taken 1
    %%%%%:  206-block  2
call   10 never executed
        1:  206-block  3
call   11 returned 1
call   12 returned 1
    $$$$$:  206-block  4
call   13 never executed
    $$$$$:  206-block  5
        -:  207:
        1:  208:    service.addToWatchlist("1", "1", 1, "1");
call    0 returned 1
call    1 returned 1
branch  2 taken 1 (fallthrough)
branch  3 taken 0 (throw)
        1:  208-block  0
call    4 returned 1
call    5 returned 1
branch  6 taken 1 (fallthrough)
branch  7 taken 0 (throw)
        1:  208-block  1
call    8 returned 1
call    9 returned 1
branch 10 taken 1 (fallthrough)
branch 11 taken 0 (throw)
        1:  208-block  2
call   12 returned 1
branch 13 taken 1 (fallthrough)
branch 14 taken 0 (throw)
        1:  208-block  3
call   15 returned 1
call   16 returned 1
call   17 returned 1
call   18 returned 1
call   19 returned 1
call   20 returned 1
    $$$$$:  208-block  4
call   21 never executed
    $$$$$:  208-block  5
    $$$$$:  208-block  6
call   22 never executed
    $$$$$:  208-block  7
    $$$$$:  208-block  8
call   23 never executed
    $$$$$:  208-block  9
    $$$$$:  208-block 10
call   24 never executed
    $$$$$:  208-block 11
    $$$$$:  208-block 12
call   25 never executed
    $$$$$:  208-block 13
    $$$$$:  208-block 14
call   26 never executed
    $$$$$:  208-block 15
        -:  209:    try {
       7*:  210:        service.addToWatchlist("1", "1", 1, "1");
call    0 returned 1
call    1 returned 1
branch  2 taken 1 (fallthrough)
branch  3 taken 0 (throw)
        1:  210-block  0
call    4 returned 1
call    5 returned 1
branch  6 taken 1 (fallthrough)
branch  7 taken 0 (throw)
        1:  210-block  1
call    8 returned 1
call    9 returned 1
branch 10 taken 1 (fallthrough)
branch 11 taken 0 (throw)
        1:  210-block  2
call   12 returned 1
branch 13 taken 0 (fallthrough)
branch 14 taken 1 (throw)
    %%%%%:  210-block  3
call   15 never executed
call   16 never executed
call   17 never executed
call   18 never executed
call   19 never executed
call   20 never executed
        1:  210-block  4
call   21 returned 1
        1:  210-block  5
        1:  210-block  6
call   22 returned 1
        1:  210-block  7
        1:  210-block  8
call   23 returned 1
        1:  210-block  9
        1:  210-block 10
call   24 returned 1
        1:  210-block 11
        1:  210-block 12
call   25 returned 1
        1:  210-block 13
        1:  210-block 14
call   26 returned 1
        1:  210-block 15
        -:  211:    }
        1:  212:    catch (RepositoryException &exception) {
        1:  212-block  0
branch  0 taken 0 (fallthrough)
branch  1 taken 1
        1:  212-block  1
call    2 returned 1
        -:  213:        assert(true);
        1:  214:    }
call    0 returned 1
branch  1 taken 1 (fallthrough)
branch  2 taken 0 (throw)
        -:  215:    try {
       7*:  216:        service.addToWatchlist("", "", -1, "");
        1:  216-block  0
call    0 returned 1
call    1 returned 1
branch  2 taken 1 (fallthrough)
branch  3 taken 0 (throw)
        1:  216-block  1
call    4 returned 1
call    5 returned 1
branch  6 taken 1 (fallthrough)
branch  7 taken 0 (throw)
        1:  216-block  2
call    8 returned 1
call    9 returned 1
branch 10 taken 1 (fallthrough)
branch 11 taken 0 (throw)
        1:  216-block  3
call   12 returned 1
branch 13 taken 0 (fallthrough)
branch 14 taken 1 (throw)
    %%%%%:  216-block  4
call   15 never executed
call   16 never executed
call   17 never executed
call   18 never executed
call   19 never executed
call   20 never executed
        1:  216-block  5
call   21 returned 1
        1:  216-block  6
        1:  216-block  7
call   22 returned 1
        1:  216-block  8
        1:  216-block  9
call   23 returned 1
        1:  216-block 10
        1:  216-block 11
call   24 returned 1
        1:  216-block 12
        1:  216-block 13
call   25 returned 1
        1:  216-block 14
        1:  216-block 15
call   26 returned 1
        1:  216-block 16
        -:  217:    }
        1:  218:    catch (ValidationException &exception) {
        1:  218-block  0
branch  0 taken 0 (fallthrough)
branch  1 taken 1
        1:  218-block  1
call    2 returned 1
        -:  219:        assert(true);
        1:  220:    }
call    0 returned 1
branch  1 taken 1 (fallthrough)
branch  2 taken 0 (throw)
        -:  221:    try {
       3*:  222:        service.deleteFromWatchlist("2");
        1:  222-block  0
call    0 returned 1
call    1 returned 1
branch  2 taken 1 (fallthrough)
branch  3 taken 0 (throw)
        1:  222-block  1
call    4 returned 1
branch  5 taken 0 (fallthrough)
branch  6 taken 1 (throw)
    %%%%%:  222-block  2
call    7 never executed
call    8 never executed
        1:  222-block  3
call    9 returned 1
        1:  222-block  4
        1:  222-block  5
call   10 returned 1
        1:  222-block  6
        -:  223:    }
        1:  224:    catch (RepositoryException &exception) {
        1:  224-block  0
branch  0 taken 0 (fallthrough)
branch  1 taken 1
        1:  224-block  1
call    2 returned 1
        -:  225:        assert(true);
        1:  226:    }
call    0 returned 1
branch  1 taken 1 (fallthrough)
branch  2 taken 0 (throw)
        -:  227:
       1*:  228:    assert(service.getWatchlist().size() == 1);
        1:  228-block  0
call    0 returned 1
branch  1 taken 1 (fallthrough)
branch  2 taken 0 (throw)
        1:  228-block  1
call    3 returned 1
branch  4 taken 0 (fallthrough)
branch  5 taken 1
    %%%%%:  228-block  2
call    6 never executed
        1:  228-block  3
call    7 returned 1
        -:  229:
        1:  230:    service.generateWatchlist(2);
call    0 returned 1
branch  1 taken 1 (fallthrough)
branch  2 taken 0 (throw)
        -:  231:
       1*:  232:    assert(service.getWatchlist().size() == 3);
        1:  232-block  0
call    0 returned 1
branch  1 taken 1 (fallthrough)
branch  2 taken 0 (throw)
        1:  232-block  1
call    3 returned 1
branch  4 taken 0 (fallthrough)
branch  5 taken 1
    %%%%%:  232-block  2
call    6 never executed
        1:  232-block  3
call    7 returned 1
        -:  233:
        1:  234:    service.saveWatchlistToFile("/home/octav/CLionProjects/LAB9OOP/IORepoTests/testWatchlist");
call    0 returned 1
call    1 returned 1
branch  2 taken 1 (fallthrough)
branch  3 taken 0 (throw)
        1:  234-block  0
call    4 returned 1
branch  5 taken 1 (fallthrough)
branch  6 taken 0 (throw)
        1:  234-block  1
call    7 returned 1
call    8 returned 1
    $$$$$:  234-block  2
call    9 never executed
    $$$$$:  234-block  3
    $$$$$:  234-block  4
call   10 never executed
    $$$$$:  234-block  5
        -:  235:
        -:  236:
        1:  237:    service.removeMovie("3");
call    0 returned 1
call    1 returned 1
branch  2 taken 1 (fallthrough)
branch  3 taken 0 (throw)
        1:  237-block  0
call    4 returned 1
branch  5 taken 1 (fallthrough)
branch  6 taken 0 (throw)
        1:  237-block  1
call    7 returned 1
call    8 returned 1
    $$$$$:  237-block  2
call    9 never executed
    $$$$$:  237-block  3
    $$$$$:  237-block  4
call   10 never executed
    $$$$$:  237-block  5
        1:  238:    service.removeMovie("2");
call    0 returned 1
call    1 returned 1
branch  2 taken 1 (fallthrough)
branch  3 taken 0 (throw)
        1:  238-block  0
call    4 returned 1
branch  5 taken 1 (fallthrough)
branch  6 taken 0 (throw)
        1:  238-block  1
call    7 returned 1
call    8 returned 1
    $$$$$:  238-block  2
call    9 never executed
    $$$$$:  238-block  3
    $$$$$:  238-block  4
call   10 never executed
    $$$$$:  238-block  5
        1:  239:    service.removeMovie("1");
call    0 returned 1
call    1 returned 1
branch  2 taken 1 (fallthrough)
branch  3 taken 0 (throw)
        1:  239-block  0
call    4 returned 1
branch  5 taken 1 (fallthrough)
branch  6 taken 0 (throw)
        1:  239-block  1
call    7 returned 1
call    8 returned 1
    $$$$$:  239-block  2
call    9 never executed
    $$$$$:  239-block  3
    $$$$$:  239-block  4
call   10 never executed
    $$$$$:  239-block  5
        1:  240:}
call    0 returned 1
call    1 returned 1
    $$$$$:  240-block  0
call    2 never executed
    $$$$$:  240-block  1
call    3 never executed
